<?xml version="1.0" encoding="UTF-8"?>
<testng-results skipped="0" failed="0" total="2" passed="2">
  <reporter-output>
  </reporter-output>
  <suite name="Suite" duration-ms="22477" started-at="2020-12-13T11:22:20Z" finished-at="2020-12-13T11:22:42Z">
    <groups>
    </groups>
    <test name="Test" duration-ms="22477" started-at="2020-12-13T11:22:20Z" finished-at="2020-12-13T11:22:42Z">
      <class name="Test.TestCase001">
        <test-method status="PASS" signature="setup()[pri:0, instance:Test.TestCase001@19f99ea]" name="setup" is-config="true" duration-ms="6857" started-at="2020-12-13T16:52:20Z" finished-at="2020-12-13T16:52:26Z">
          <reporter-output>
          </reporter-output>
        </test-method> <!-- setup -->
        <test-method status="PASS" signature="m1()[pri:0, instance:Test.TestCase001@19f99ea]" name="m1" duration-ms="3013" started-at="2020-12-13T16:52:26Z" finished-at="2020-12-13T16:52:29Z">
          <reporter-output>
          </reporter-output>
        </test-method> <!-- m1 -->
        <test-method status="PASS" signature="teardown()[pri:0, instance:Test.TestCase001@19f99ea]" name="teardown" is-config="true" duration-ms="716" started-at="2020-12-13T16:52:29Z" finished-at="2020-12-13T16:52:30Z">
          <reporter-output>
          </reporter-output>
        </test-method> <!-- teardown -->
        <test-method status="PASS" signature="setup()[pri:0, instance:Test.TestCase001@19f99ea]" name="setup" is-config="true" duration-ms="3554" started-at="2020-12-13T16:52:30Z" finished-at="2020-12-13T16:52:34Z">
          <reporter-output>
          </reporter-output>
        </test-method> <!-- setup -->
        <test-method status="PASS" signature="m2()[pri:0, instance:Test.TestCase001@19f99ea]" name="m2" duration-ms="7489" started-at="2020-12-13T16:52:34Z" finished-at="2020-12-13T16:52:41Z">
          <reporter-output>
          </reporter-output>
        </test-method> <!-- m2 -->
        <test-method status="PASS" signature="teardown()[pri:0, instance:Test.TestCase001@19f99ea]" name="teardown" is-config="true" duration-ms="828" started-at="2020-12-13T16:52:41Z" finished-at="2020-12-13T16:52:42Z">
          <reporter-output>
          </reporter-output>
        </test-method> <!-- teardown -->
      </class> <!-- Test.TestCase001 -->
    </test> <!-- Test -->
  </suite> <!-- Suite -->
</testng-results>
