<?xml version="1.0" encoding="UTF-8"?>
<testng-results skipped="0" failed="1" total="2" passed="1">
  <reporter-output>
  </reporter-output>
  <suite name="Suite" duration-ms="16499" started-at="2020-12-13T11:04:26Z" finished-at="2020-12-13T11:04:43Z">
    <groups>
    </groups>
    <test name="Test" duration-ms="16499" started-at="2020-12-13T11:04:26Z" finished-at="2020-12-13T11:04:43Z">
      <class name="Test.TestCase001">
        <test-method status="PASS" signature="setup()[pri:0, instance:Test.TestCase001@1805618]" name="setup" is-config="true" duration-ms="9492" started-at="2020-12-13T16:34:26Z" finished-at="2020-12-13T16:34:36Z">
          <reporter-output>
          </reporter-output>
        </test-method> <!-- setup -->
        <test-method status="PASS" signature="setup()[pri:0, instance:Test.TestCase001@1805618]" name="setup" is-config="true" duration-ms="7890" started-at="2020-12-13T16:34:26Z" finished-at="2020-12-13T16:34:34Z">
          <reporter-output>
          </reporter-output>
        </test-method> <!-- setup -->
        <test-method status="FAIL" signature="m2()[pri:0, instance:Test.TestCase001@1805618]" name="m2" duration-ms="8558" started-at="2020-12-13T16:34:34Z" finished-at="2020-12-13T16:34:43Z">
          <exception class="org.openqa.selenium.NoSuchSessionException">
            <message>
              <![CDATA[Session ID is null. Using WebDriver after calling quit()?
Build info: version: '4.0.0-alpha-6', revision: '5f43a29cfc'
System info: host: 'SANTOSH-PC', ip: '192.168.43.19', os.name: 'Windows 7', os.arch: 'x86', os.version: '6.1', java.version: '1.8.0-ea'
Driver info: driver.version: RemoteWebDriver]]>
            </message>
            <full-stacktrace>
              <![CDATA[org.openqa.selenium.NoSuchSessionException: Session ID is null. Using WebDriver after calling quit()?
Build info: version: '4.0.0-alpha-6', revision: '5f43a29cfc'
System info: host: 'SANTOSH-PC', ip: '192.168.43.19', os.name: 'Windows 7', os.arch: 'x86', os.version: '6.1', java.version: '1.8.0-ea'
Driver info: driver.version: RemoteWebDriver
	at org.openqa.selenium.remote.HttpCommandExecutor.execute(HttpCommandExecutor.java:127)
	at org.openqa.selenium.remote.service.DriverCommandExecutor.execute(DriverCommandExecutor.java:83)
	at org.openqa.selenium.remote.RemoteWebDriver.execute(RemoteWebDriver.java:582)
	at org.openqa.selenium.remote.RemoteWebDriver.execute(RemoteWebDriver.java:639)
	at org.openqa.selenium.remote.RemoteWebDriver.execute(RemoteWebDriver.java:643)
	at org.openqa.selenium.remote.RemoteWebDriver.getTitle(RemoteWebDriver.java:287)
	at Test.TestCase001.m2(TestCase001.java:31)
	at sun.reflect.NativeMethodAccessorImpl.invoke0(Native Method)
	at sun.reflect.NativeMethodAccessorImpl.invoke(Unknown Source)
	at sun.reflect.DelegatingMethodAccessorImpl.invoke(Unknown Source)
	at java.lang.reflect.Method.invoke(Unknown Source)
	at org.testng.internal.MethodInvocationHelper.invokeMethod(MethodInvocationHelper.java:84)
	at org.testng.internal.Invoker.invokeMethod(Invoker.java:714)
	at org.testng.internal.Invoker.invokeTestMethod(Invoker.java:901)
	at org.testng.internal.Invoker.invokeTestMethods(Invoker.java:1231)
	at org.testng.internal.TestMethodWorker.invokeTestMethods(TestMethodWorker.java:127)
	at org.testng.internal.TestMethodWorker.run(TestMethodWorker.java:111)
	at java.util.concurrent.ThreadPoolExecutor.runWorker(Unknown Source)
	at java.util.concurrent.ThreadPoolExecutor$Worker.run(Unknown Source)
	at java.lang.Thread.run(Unknown Source)
]]>
            </full-stacktrace>
          </exception> <!-- org.openqa.selenium.NoSuchSessionException -->
          <reporter-output>
          </reporter-output>
        </test-method> <!-- m2 -->
        <test-method status="PASS" signature="m1()[pri:0, instance:Test.TestCase001@1805618]" name="m1" duration-ms="3894" started-at="2020-12-13T16:34:36Z" finished-at="2020-12-13T16:34:40Z">
          <reporter-output>
          </reporter-output>
        </test-method> <!-- m1 -->
        <test-method status="PASS" signature="teardown()[pri:0, instance:Test.TestCase001@1805618]" name="teardown" is-config="true" duration-ms="982" started-at="2020-12-13T16:34:40Z" finished-at="2020-12-13T16:34:41Z">
          <reporter-output>
          </reporter-output>
        </test-method> <!-- teardown -->
        <test-method status="PASS" signature="teardown()[pri:0, instance:Test.TestCase001@1805618]" name="teardown" is-config="true" duration-ms="1" started-at="2020-12-13T16:34:43Z" finished-at="2020-12-13T16:34:43Z">
          <reporter-output>
          </reporter-output>
        </test-method> <!-- teardown -->
      </class> <!-- Test.TestCase001 -->
    </test> <!-- Test -->
  </suite> <!-- Suite -->
</testng-results>
